Using pre-set license
Built from '2021.3/staging' branch; Version is '2021.3.11f1 (0a5ca18544bf) revision 679073'; Using compiler version '192829333'; Build Type 'Release'
OS: 'Windows 10  (10.0.19045) 64bit Professional' Language: 'en' Physical Memory: 16339 MB
BatchMode: 1, IsHumanControllingUs: 0, StartBugReporterOnCrash: 0, Is64bit: 1, IsPro: 1

COMMAND LINE ARGUMENTS:
C:\Program Files\Unity\Hub\Editor\2021.3.11f1\Editor\Unity.exe
-adb2
-batchMode
-noUpm
-name
AssetImportWorker1
-projectPath
E:/Documents/DriveBackup/Business/Development/UGM/UnityRoyale-UGM
-logFile
Logs/AssetImportWorker1.log
-srvPort
57833
Successfully changed project path to: E:/Documents/DriveBackup/Business/Development/UGM/UnityRoyale-UGM
E:/Documents/DriveBackup/Business/Development/UGM/UnityRoyale-UGM
[UnityMemory] Configuration Parameters - Can be set up in boot.config
    "memorysetup-bucket-allocator-granularity=16"
    "memorysetup-bucket-allocator-bucket-count=8"
    "memorysetup-bucket-allocator-block-size=33554432"
    "memorysetup-bucket-allocator-block-count=8"
    "memorysetup-main-allocator-block-size=16777216"
    "memorysetup-thread-allocator-block-size=16777216"
    "memorysetup-gfx-main-allocator-block-size=16777216"
    "memorysetup-gfx-thread-allocator-block-size=16777216"
    "memorysetup-cache-allocator-block-size=4194304"
    "memorysetup-typetree-allocator-block-size=2097152"
    "memorysetup-profiler-bucket-allocator-granularity=16"
    "memorysetup-profiler-bucket-allocator-bucket-count=8"
    "memorysetup-profiler-bucket-allocator-block-size=33554432"
    "memorysetup-profiler-bucket-allocator-block-count=8"
    "memorysetup-profiler-allocator-block-size=16777216"
    "memorysetup-profiler-editor-allocator-block-size=1048576"
    "memorysetup-temp-allocator-size-main=16777216"
    "memorysetup-job-temp-allocator-block-size=2097152"
    "memorysetup-job-temp-allocator-block-size-background=1048576"
    "memorysetup-job-temp-allocator-reduction-small-platforms=262144"
    "memorysetup-temp-allocator-size-background-worker=32768"
    "memorysetup-temp-allocator-size-job-worker=262144"
    "memorysetup-temp-allocator-size-preload-manager=33554432"
    "memorysetup-temp-allocator-size-nav-mesh-worker=65536"
    "memorysetup-temp-allocator-size-audio-worker=65536"
    "memorysetup-temp-allocator-size-cloud-worker=32768"
    "memorysetup-temp-allocator-size-gi-baking-worker=262144"
    "memorysetup-temp-allocator-size-gfx=262144"
Refreshing native plugins compatible for Editor in 81.76 ms, found 0 plugins.
Preloading 0 native plugins for Editor in 0.00 ms.
Initialize engine version: 2021.3.11f1 (0a5ca18544bf)
[Subsystems] Discovering subsystems at path C:/Program Files/Unity/Hub/Editor/2021.3.11f1/Editor/Data/Resources/UnitySubsystems
[Subsystems] Discovering subsystems at path E:/Documents/DriveBackup/Business/Development/UGM/UnityRoyale-UGM/Assets
GfxDevice: creating device client; threaded=0; jobified=0
Direct3D:
    Version:  Direct3D 11.0 [level 11.1]
    Renderer: NVIDIA GeForce GTX 1070 (ID=0x1be1)
    Vendor:   NVIDIA
    VRAM:     8074 MB
    Driver:   31.0.15.2756
Initialize mono
Mono path[0] = 'C:/Program Files/Unity/Hub/Editor/2021.3.11f1/Editor/Data/Managed'
Mono path[1] = 'C:/Program Files/Unity/Hub/Editor/2021.3.11f1/Editor/Data/MonoBleedingEdge/lib/mono/unityjit-win32'
Mono config path = 'C:/Program Files/Unity/Hub/Editor/2021.3.11f1/Editor/Data/MonoBleedingEdge/etc'
Using monoOptions --debugger-agent=transport=dt_socket,embedding=1,server=y,suspend=n,address=127.0.0.1:56740
Begin MonoManager ReloadAssembly
Registering precompiled unity dll's ...
Register platform support module: C:/Program Files/Unity/Hub/Editor/2021.3.11f1/Editor/Data/PlaybackEngines/WebGLSupport/UnityEditor.WebGL.Extensions.dll
Register platform support module: C:/Program Files/Unity/Hub/Editor/2021.3.11f1/Editor/Data/PlaybackEngines/WindowsStandaloneSupport/UnityEditor.WindowsStandalone.Extensions.dll
Registered in 0.010574 seconds.
Native extension for WindowsStandalone target not found
Native extension for WebGL target not found
Refreshing native plugins compatible for Editor in 93.92 ms, found 0 plugins.
Preloading 0 native plugins for Editor in 0.00 ms.
Mono: successfully reloaded assembly
- Completed reload, in  0.951 seconds
Domain Reload Profiling:
	ReloadAssembly (952ms)
		BeginReloadAssembly (109ms)
			ExecutionOrderSort (0ms)
			DisableScriptedObjects (0ms)
			BackupInstance (0ms)
			ReleaseScriptingObjects (0ms)
			CreateAndSetChildDomain (1ms)
		EndReloadAssembly (672ms)
			LoadAssemblies (106ms)
			RebuildTransferFunctionScriptingTraits (0ms)
			SetupTypeCache (159ms)
			ReleaseScriptCaches (0ms)
			RebuildScriptCaches (42ms)
			SetupLoadedEditorAssemblies (398ms)
				LogAssemblyErrors (0ms)
				InitializePlatformSupportModulesInManaged (13ms)
				SetLoadedEditorAssemblies (0ms)
				RefreshPlugins (94ms)
				BeforeProcessingInitializeOnLoad (2ms)
				ProcessInitializeOnLoadAttributes (220ms)
				ProcessInitializeOnLoadMethodAttributes (68ms)
				AfterProcessingInitializeOnLoad (0ms)
				EditorAssembliesLoaded (0ms)
			ExecutionOrderSort2 (0ms)
			AwakeInstancesAfterBackupRestoration (0ms)
Platform modules already initialized, skipping
Registering precompiled user dll's ...
Registered in 0.008517 seconds.
Begin MonoManager ReloadAssembly
Symbol file LoadedFromMemory is not a mono symbol file
Native extension for WindowsStandalone target not found
Native extension for WebGL target not found
Refreshing native plugins compatible for Editor in 97.37 ms, found 0 plugins.
Preloading 0 native plugins for Editor in 0.00 ms.
Mono: successfully reloaded assembly
- Completed reload, in  1.745 seconds
Domain Reload Profiling:
	ReloadAssembly (1746ms)
		BeginReloadAssembly (158ms)
			ExecutionOrderSort (0ms)
			DisableScriptedObjects (7ms)
			BackupInstance (0ms)
			ReleaseScriptingObjects (0ms)
			CreateAndSetChildDomain (25ms)
		EndReloadAssembly (1448ms)
			LoadAssemblies (111ms)
			RebuildTransferFunctionScriptingTraits (0ms)
			SetupTypeCache (350ms)
			ReleaseScriptCaches (1ms)
			RebuildScriptCaches (99ms)
			SetupLoadedEditorAssemblies (821ms)
				LogAssemblyErrors (0ms)
				InitializePlatformSupportModulesInManaged (22ms)
				SetLoadedEditorAssemblies (0ms)
				RefreshPlugins (97ms)
				BeforeProcessingInitializeOnLoad (132ms)
				ProcessInitializeOnLoadAttributes (417ms)
				ProcessInitializeOnLoadMethodAttributes (141ms)
				AfterProcessingInitializeOnLoad (11ms)
				EditorAssembliesLoaded (0ms)
			ExecutionOrderSort2 (0ms)
			AwakeInstancesAfterBackupRestoration (10ms)
Platform modules already initialized, skipping
========================================================================
Worker process is ready to serve import requests
Launched and connected shader compiler UnityShaderCompiler.exe after 0.18 seconds
Refreshing native plugins compatible for Editor in 1.02 ms, found 0 plugins.
Preloading 0 native plugins for Editor in 0.00 ms.
Unloading 4085 Unused Serialized files (Serialized files now loaded: 0)
Unloading 46 unused Assets / (0.5 MB). Loaded Objects now: 4558.
Memory consumption went from 194.0 MB to 193.5 MB.
Total: 5.168400 ms (FindLiveObjects: 0.437700 ms CreateObjectMapping: 0.311000 ms MarkObjects: 3.947100 ms  DeleteObjects: 0.470400 ms)

AssetImportParameters requested are different than current active one (requested -> active):
  custom:video-decoder-ogg-theora: a1e56fd34408186e4bbccfd4996cb3dc -> 
  custom:container-muxer-webm: aa71ff27fc2769a1b78a27578f13a17b -> 
  custom:container-demuxer-webm: 4f35f7cbe854078d1ac9338744f61a02 -> 
  custom:video-encoder-webm-vp8: eb34c28f22e8b96e1ab97ce403110664 -> 
  custom:video-codec-MediaFoundation-h265: 746d11721c4dcdbdad8f713fa42b33f4 -> 
  custom:audio-encoder-webm-vorbis: bf7c407c2cedff20999df2af8eb42d56 -> 
  custom:framework-win-MediaFoundation: 216162199b28c13a410421893ffa2e32 -> 
  custom:container-demuxer-ogg: 62fdf1f143b41e24485cea50d1cbac27 -> 
  custom:video-decoder-webm-vp8: 9c59270c3fd7afecdb556c50c9e8de78 -> 
  custom:audio-decoder-ogg-vorbis: bf7c407c2cedff20999df2af8eb42d56 -> 
========================================================================
Received Import Request.
  Time since last request: 867841.807274 seconds.
  path: Assets/Scenes/Main/OcclusionCullingData.asset
  artifactKey: Guid(d48779bc518ac4c2c8f73fe1c8043c36) Importer(815301076,1909f56bfc062723c751e8b465ee728b)
Start importing Assets/Scenes/Main/OcclusionCullingData.asset using Guid(d48779bc518ac4c2c8f73fe1c8043c36) Importer(815301076,1909f56bfc062723c751e8b465ee728b)  -> (artifact id: '840b00124a4fa2fc96aa499940a83bad') in 0.124728 seconds 
========================================================================
Received Import Request.
  Time since last request: 0.000028 seconds.
  path: Assets/Scenes/Main/Lightmap-1_comp_light.exr
  artifactKey: Guid(a886ccb37dfdb4d9bb8b8016e339f0e4) Importer(815301076,1909f56bfc062723c751e8b465ee728b)
Start importing Assets/Scenes/Main/Lightmap-1_comp_light.exr using Guid(a886ccb37dfdb4d9bb8b8016e339f0e4) Importer(815301076,1909f56bfc062723c751e8b465ee728b)  -> (artifact id: 'd75a4fd7ca8f0d49781a46b3751abb89') in 0.166888 seconds 
========================================================================
Received Import Request.
  Time since last request: 0.000038 seconds.
  path: Assets/Scenes/Main/Lightmap-4_comp_light.exr
  artifactKey: Guid(a3ce4ce1603da436b8291f720f5b5ff8) Importer(815301076,1909f56bfc062723c751e8b465ee728b)
Start importing Assets/Scenes/Main/Lightmap-4_comp_light.exr using Guid(a3ce4ce1603da436b8291f720f5b5ff8) Importer(815301076,1909f56bfc062723c751e8b465ee728b)  -> (artifact id: '8924e9042490562891ea16ee9f38b19a') in 0.113481 seconds 
========================================================================
Received Import Request.
  Time since last request: 0.000047 seconds.
  path: Assets/Scenes/Main/Lightmap-5_comp_dir.png
  artifactKey: Guid(255ff9e96b67440f2b4fa5e3627bb0b3) Importer(815301076,1909f56bfc062723c751e8b465ee728b)
Start importing Assets/Scenes/Main/Lightmap-5_comp_dir.png using Guid(255ff9e96b67440f2b4fa5e3627bb0b3) Importer(815301076,1909f56bfc062723c751e8b465ee728b)  -> (artifact id: '2b6be353591a587f213bea00b69e7d1a') in 0.077291 seconds 
========================================================================
Received Import Request.
  Time since last request: 0.000025 seconds.
  path: Assets/Scenes/Main/Lightmap-4_comp_dir.png
  artifactKey: Guid(b6cd0a2bfa68646a98d030ebc2421a6d) Importer(815301076,1909f56bfc062723c751e8b465ee728b)
Start importing Assets/Scenes/Main/Lightmap-4_comp_dir.png using Guid(b6cd0a2bfa68646a98d030ebc2421a6d) Importer(815301076,1909f56bfc062723c751e8b465ee728b)  -> (artifact id: 'dc2718198376b557b70e199c3e5ba817') in 0.171821 seconds 
========================================================================
Received Import Request.
  Time since last request: 0.000050 seconds.
  path: Assets/Scenes/Main/MainShaderVariants.shadervariants
  artifactKey: Guid(97e9f18b3bbdecd42b96b645d9667220) Importer(815301076,1909f56bfc062723c751e8b465ee728b)
Start importing Assets/Scenes/Main/MainShaderVariants.shadervariants using Guid(97e9f18b3bbdecd42b96b645d9667220) Importer(815301076,1909f56bfc062723c751e8b465ee728b)  -> (artifact id: '0adfb67cc3cfc72403d7ea945dc65a69') in 0.052858 seconds 
========================================================================
Received Import Request.
  Time since last request: 0.000042 seconds.
  path: Assets/Scenes/Main
  artifactKey: Guid(74daa2c160b884b6aabb603effc5dd64) Importer(815301076,1909f56bfc062723c751e8b465ee728b)
Start importing Assets/Scenes/Main using Guid(74daa2c160b884b6aabb603effc5dd64) Importer(815301076,1909f56bfc062723c751e8b465ee728b)  -> (artifact id: '081569fb4f6b905a629f3ac6c976ee4a') in 0.025961 seconds 
========================================================================
Received Import Request.
  Time since last request: 0.000031 seconds.
  path: Assets/Scenes/Main/ReflectionProbe-1.exr
  artifactKey: Guid(fcc102e54e4c04c638567a86c251a8c0) Importer(815301076,1909f56bfc062723c751e8b465ee728b)
Start importing Assets/Scenes/Main/ReflectionProbe-1.exr using Guid(fcc102e54e4c04c638567a86c251a8c0) Importer(815301076,1909f56bfc062723c751e8b465ee728b)  -> (artifact id: '3ccd88127a31026e12cb95b483fc2404') in 0.331945 seconds 
========================================================================
Received Import Request.
  Time since last request: 0.000052 seconds.
  path: Assets/Scenes/Main/Lightmap-0_comp_dir.png
  artifactKey: Guid(94cca558c6ce64fba96dee1b6d086d94) Importer(815301076,1909f56bfc062723c751e8b465ee728b)
Start importing Assets/Scenes/Main/Lightmap-0_comp_dir.png using Guid(94cca558c6ce64fba96dee1b6d086d94) Importer(815301076,1909f56bfc062723c751e8b465ee728b)  -> (artifact id: '6a2d61e107e44db808f03cc10a281e51') in 0.038185 seconds 
========================================================================
Received Import Request.
  Time since last request: 0.000085 seconds.
  path: Assets/Scenes/Main/Lightmap-0_comp_light.exr
  artifactKey: Guid(85ae683663f3b45c691a3fca32b6303c) Importer(815301076,1909f56bfc062723c751e8b465ee728b)
Start importing Assets/Scenes/Main/Lightmap-0_comp_light.exr using Guid(85ae683663f3b45c691a3fca32b6303c) Importer(815301076,1909f56bfc062723c751e8b465ee728b)  -> (artifact id: '9d1549a3cbaf0f7c80819d3f45890fe8') in 0.036001 seconds 
========================================================================
Received Import Request.
  Time since last request: 0.000054 seconds.
  path: Assets/Scenes/Main/NavMesh-NavMesh Surface.asset
  artifactKey: Guid(5aaea6bba3e744fd398775dba720240d) Importer(815301076,1909f56bfc062723c751e8b465ee728b)
Start importing Assets/Scenes/Main/NavMesh-NavMesh Surface.asset using Guid(5aaea6bba3e744fd398775dba720240d) Importer(815301076,1909f56bfc062723c751e8b465ee728b)  -> (artifact id: '2d5a76053e98fe19fb9baf1b2305b114') in 0.023061 seconds 
========================================================================
Received Import Request.
  Time since last request: 0.000035 seconds.
  path: Assets/Scenes/Main/Lightmap-5_comp_light.exr
  artifactKey: Guid(e998bbd476a224eeeada4778a3d075e2) Importer(815301076,1909f56bfc062723c751e8b465ee728b)
Start importing Assets/Scenes/Main/Lightmap-5_comp_light.exr using Guid(e998bbd476a224eeeada4778a3d075e2) Importer(815301076,1909f56bfc062723c751e8b465ee728b)  -> (artifact id: '9e1b28b8b252378edb3ce325e3960b05') in 0.066596 seconds 
========================================================================
Received Import Request.
  Time since last request: 0.000024 seconds.
  path: Assets/Scenes/Main/LightingData.asset
  artifactKey: Guid(38b5ff64df1464cbf9f421864b79e723) Importer(815301076,1909f56bfc062723c751e8b465ee728b)
Start importing Assets/Scenes/Main/LightingData.asset using Guid(38b5ff64df1464cbf9f421864b79e723) Importer(815301076,1909f56bfc062723c751e8b465ee728b)  -> (artifact id: '1f7e87ca5c43ccb333c4ea10424915f1') in 0.026679 seconds 
========================================================================
Received Prepare
Registering precompiled user dll's ...
Registered in 0.014100 seconds.
Begin MonoManager ReloadAssembly
Symbol file LoadedFromMemory is not a mono symbol file
Native extension for WindowsStandalone target not found
Native extension for WebGL target not found
Refreshing native plugins compatible for Editor in 2.01 ms, found 0 plugins.
Preloading 0 native plugins for Editor in 0.00 ms.
Mono: successfully reloaded assembly
- Completed reload, in  3.261 seconds
Domain Reload Profiling:
	ReloadAssembly (3262ms)
		BeginReloadAssembly (322ms)
			ExecutionOrderSort (0ms)
			DisableScriptedObjects (23ms)
			BackupInstance (0ms)
			ReleaseScriptingObjects (0ms)
			CreateAndSetChildDomain (85ms)
		EndReloadAssembly (2719ms)
			LoadAssemblies (196ms)
			RebuildTransferFunctionScriptingTraits (0ms)
			SetupTypeCache (738ms)
			ReleaseScriptCaches (3ms)
			RebuildScriptCaches (134ms)
			SetupLoadedEditorAssemblies (1197ms)
				LogAssemblyErrors (0ms)
				InitializePlatformSupportModulesInManaged (38ms)
				SetLoadedEditorAssemblies (3ms)
				RefreshPlugins (2ms)
				BeforeProcessingInitializeOnLoad (190ms)
				ProcessInitializeOnLoadAttributes (611ms)
				ProcessInitializeOnLoadMethodAttributes (335ms)
				AfterProcessingInitializeOnLoad (19ms)
				EditorAssembliesLoaded (0ms)
			ExecutionOrderSort2 (0ms)
			AwakeInstancesAfterBackupRestoration (215ms)
Platform modules already initialized, skipping
Refreshing native plugins compatible for Editor in 5.14 ms, found 0 plugins.
Preloading 0 native plugins for Editor in 0.00 ms.
Unloading 3911 Unused Serialized files (Serialized files now loaded: 0)
Unloading 23 unused Assets / (499.7 KB). Loaded Objects now: 4655.
Memory consumption went from 189.1 MB to 188.6 MB.
Total: 8.258000 ms (FindLiveObjects: 0.765700 ms CreateObjectMapping: 0.743600 ms MarkObjects: 6.230300 ms  DeleteObjects: 0.516500 ms)

AssetImportParameters requested are different than current active one (requested -> active):
  custom:video-decoder-ogg-theora: a1e56fd34408186e4bbccfd4996cb3dc -> 
  custom:container-muxer-webm: aa71ff27fc2769a1b78a27578f13a17b -> 
  custom:container-demuxer-webm: 4f35f7cbe854078d1ac9338744f61a02 -> 
  custom:video-encoder-webm-vp8: eb34c28f22e8b96e1ab97ce403110664 -> 
  custom:video-codec-MediaFoundation-h265: 746d11721c4dcdbdad8f713fa42b33f4 -> 
  custom:audio-encoder-webm-vorbis: bf7c407c2cedff20999df2af8eb42d56 -> 
  custom:framework-win-MediaFoundation: 216162199b28c13a410421893ffa2e32 -> 
  custom:container-demuxer-ogg: 62fdf1f143b41e24485cea50d1cbac27 -> 
  custom:video-decoder-webm-vp8: 9c59270c3fd7afecdb556c50c9e8de78 -> 
  custom:audio-decoder-ogg-vorbis: bf7c407c2cedff20999df2af8eb42d56 -> 
========================================================================
Received Prepare
Registering precompiled user dll's ...
Registered in 0.015102 seconds.
Begin MonoManager ReloadAssembly
Symbol file LoadedFromMemory is not a mono symbol file
Native extension for WindowsStandalone target not found
Native extension for WebGL target not found
Refreshing native plugins compatible for Editor in 2.04 ms, found 0 plugins.
Preloading 0 native plugins for Editor in 0.00 ms.
Mono: successfully reloaded assembly
- Completed reload, in  3.945 seconds
Domain Reload Profiling:
	ReloadAssembly (3950ms)
		BeginReloadAssembly (357ms)
			ExecutionOrderSort (0ms)
			DisableScriptedObjects (19ms)
			BackupInstance (0ms)
			ReleaseScriptingObjects (0ms)
			CreateAndSetChildDomain (78ms)
		EndReloadAssembly (3336ms)
			LoadAssemblies (264ms)
			RebuildTransferFunctionScriptingTraits (0ms)
			SetupTypeCache (980ms)
			ReleaseScriptCaches (9ms)
			RebuildScriptCaches (186ms)
			SetupLoadedEditorAssemblies (1298ms)
				LogAssemblyErrors (0ms)
				InitializePlatformSupportModulesInManaged (42ms)
				SetLoadedEditorAssemblies (1ms)
				RefreshPlugins (2ms)
				BeforeProcessingInitializeOnLoad (219ms)
				ProcessInitializeOnLoadAttributes (666ms)
				ProcessInitializeOnLoadMethodAttributes (342ms)
				AfterProcessingInitializeOnLoad (25ms)
				EditorAssembliesLoaded (0ms)
			ExecutionOrderSort2 (0ms)
			AwakeInstancesAfterBackupRestoration (253ms)
Platform modules already initialized, skipping
Refreshing native plugins compatible for Editor in 4.52 ms, found 0 plugins.
Preloading 0 native plugins for Editor in 0.00 ms.
Unloading 3912 Unused Serialized files (Serialized files now loaded: 0)
Unloading 23 unused Assets / (507.0 KB). Loaded Objects now: 4670.
Memory consumption went from 189.1 MB to 188.6 MB.
Total: 12.068700 ms (FindLiveObjects: 2.170400 ms CreateObjectMapping: 2.183400 ms MarkObjects: 7.157400 ms  DeleteObjects: 0.555100 ms)

AssetImportParameters requested are different than current active one (requested -> active):
  custom:video-decoder-ogg-theora: a1e56fd34408186e4bbccfd4996cb3dc -> 
  custom:container-muxer-webm: aa71ff27fc2769a1b78a27578f13a17b -> 
  custom:container-demuxer-webm: 4f35f7cbe854078d1ac9338744f61a02 -> 
  custom:video-encoder-webm-vp8: eb34c28f22e8b96e1ab97ce403110664 -> 
  custom:video-codec-MediaFoundation-h265: 746d11721c4dcdbdad8f713fa42b33f4 -> 
  custom:audio-encoder-webm-vorbis: bf7c407c2cedff20999df2af8eb42d56 -> 
  custom:framework-win-MediaFoundation: 216162199b28c13a410421893ffa2e32 -> 
  custom:container-demuxer-ogg: 62fdf1f143b41e24485cea50d1cbac27 -> 
  custom:video-decoder-webm-vp8: 9c59270c3fd7afecdb556c50c9e8de78 -> 
  custom:audio-decoder-ogg-vorbis: bf7c407c2cedff20999df2af8eb42d56 -> 
========================================================================
Received Import Request.
  Time since last request: 4473.408317 seconds.
  path: Assets/Scenes/Launch/Lightmap-0_comp_dir.png
  artifactKey: Guid(33c33593ca7982e468ce983588ae8424) Importer(815301076,1909f56bfc062723c751e8b465ee728b)
Start importing Assets/Scenes/Launch/Lightmap-0_comp_dir.png using Guid(33c33593ca7982e468ce983588ae8424) Importer(815301076,1909f56bfc062723c751e8b465ee728b)  -> (artifact id: '6baf71a2f6faae29394833166e83db54') in 0.126989 seconds 
========================================================================
Received Import Request.
  Time since last request: 0.000056 seconds.
  path: Assets/Scenes/Launch/Lightmap-1_comp_light.exr
  artifactKey: Guid(5cc01c259035034438763330ae80ef4c) Importer(815301076,1909f56bfc062723c751e8b465ee728b)
Start importing Assets/Scenes/Launch/Lightmap-1_comp_light.exr using Guid(5cc01c259035034438763330ae80ef4c) Importer(815301076,1909f56bfc062723c751e8b465ee728b)  -> (artifact id: 'f61cb4b7a5133a2a8e770badb9bd7d10') in 0.049113 seconds 
========================================================================
Received Import Request.
  Time since last request: 0.000056 seconds.
  path: Assets/Scenes/Launch/Lightmap-7_comp_dir.png
  artifactKey: Guid(741734b7aff02a7459fae2f1fb1e5dbc) Importer(815301076,1909f56bfc062723c751e8b465ee728b)
Start importing Assets/Scenes/Launch/Lightmap-7_comp_dir.png using Guid(741734b7aff02a7459fae2f1fb1e5dbc) Importer(815301076,1909f56bfc062723c751e8b465ee728b)  -> (artifact id: 'ee11614c64286bd6c0d786491582fbfb') in 0.059653 seconds 
========================================================================
Received Import Request.
  Time since last request: 0.000037 seconds.
  path: Assets/Scenes/Launch/Lightmap-9_comp_shadowmask.png
  artifactKey: Guid(ea7a4dd371b1de8429d167a3b785395d) Importer(815301076,1909f56bfc062723c751e8b465ee728b)
Start importing Assets/Scenes/Launch/Lightmap-9_comp_shadowmask.png using Guid(ea7a4dd371b1de8429d167a3b785395d) Importer(815301076,1909f56bfc062723c751e8b465ee728b)  -> (artifact id: '5e8a1efb82fb58254b031be9768663ef') in 0.080769 seconds 
========================================================================
Received Import Request.
  Time since last request: 0.000026 seconds.
  path: Assets/Scenes/Launch/Lightmap-9_comp_light.exr
  artifactKey: Guid(6bf696486e713d240bc95dfedd7ac687) Importer(815301076,1909f56bfc062723c751e8b465ee728b)
Start importing Assets/Scenes/Launch/Lightmap-9_comp_light.exr using Guid(6bf696486e713d240bc95dfedd7ac687) Importer(815301076,1909f56bfc062723c751e8b465ee728b)  -> (artifact id: 'de8c998b171c0ba35329d3f4a30827be') in 0.054885 seconds 
========================================================================
Received Import Request.
  Time since last request: 0.000036 seconds.
  path: Assets/Scenes/Launch/Lightmap-8_comp_dir.png
  artifactKey: Guid(cf19f6a681ee3744cafbe7f2edaf1b06) Importer(815301076,1909f56bfc062723c751e8b465ee728b)
Start importing Assets/Scenes/Launch/Lightmap-8_comp_dir.png using Guid(cf19f6a681ee3744cafbe7f2edaf1b06) Importer(815301076,1909f56bfc062723c751e8b465ee728b)  -> (artifact id: '47d8dc5d573388369c08355e38b46196') in 0.101248 seconds 
========================================================================
Received Import Request.
  Time since last request: 0.000040 seconds.
  path: Assets/Scenes/Launch/Lightmap-7_comp_light.exr
  artifactKey: Guid(3cdec7bd1df49f44ab8542c3afc32176) Importer(815301076,1909f56bfc062723c751e8b465ee728b)
Start importing Assets/Scenes/Launch/Lightmap-7_comp_light.exr using Guid(3cdec7bd1df49f44ab8542c3afc32176) Importer(815301076,1909f56bfc062723c751e8b465ee728b)  -> (artifact id: 'cbd7dd47095d9a8df275e0c32471cb26') in 0.056379 seconds 
========================================================================
Received Import Request.
  Time since last request: 0.000046 seconds.
  path: Assets/Scenes/Launch/Lightmap-8_comp_light.exr
  artifactKey: Guid(451437b4c74d75945844226aa6384b67) Importer(815301076,1909f56bfc062723c751e8b465ee728b)
Start importing Assets/Scenes/Launch/Lightmap-8_comp_light.exr using Guid(451437b4c74d75945844226aa6384b67) Importer(815301076,1909f56bfc062723c751e8b465ee728b)  -> (artifact id: 'fe91f3b288e0230d141603034e7c94a4') in 0.054361 seconds 
========================================================================
Received Import Request.
  Time since last request: 0.000033 seconds.
  path: Assets/Scenes/Launch/Lightmap-2_comp_shadowmask.png
  artifactKey: Guid(b8c1cabd0d1903742832f19958103bb7) Importer(815301076,1909f56bfc062723c751e8b465ee728b)
Start importing Assets/Scenes/Launch/Lightmap-2_comp_shadowmask.png using Guid(b8c1cabd0d1903742832f19958103bb7) Importer(815301076,1909f56bfc062723c751e8b465ee728b)  -> (artifact id: 'd67f4f28b2ce1320b8f6aee40eac906e') in 0.064930 seconds 
========================================================================
Received Import Request.
  Time since last request: 0.000051 seconds.
  path: Assets/Scenes/Launch/Lightmap-3_comp_shadowmask.png
  artifactKey: Guid(575870d1c92d46e41b04fbe1114ed1de) Importer(815301076,1909f56bfc062723c751e8b465ee728b)
Start importing Assets/Scenes/Launch/Lightmap-3_comp_shadowmask.png using Guid(575870d1c92d46e41b04fbe1114ed1de) Importer(815301076,1909f56bfc062723c751e8b465ee728b)  -> (artifact id: '90605cf66d69ad3bd3b657661c5a3c2c') in 0.053701 seconds 
========================================================================
Received Import Request.
  Time since last request: 0.000067 seconds.
  path: Assets/Scenes/Launch/Lightmap-7_comp_shadowmask.png
  artifactKey: Guid(d8bdc599a168b30439ca7578d07c5b71) Importer(815301076,1909f56bfc062723c751e8b465ee728b)
Start importing Assets/Scenes/Launch/Lightmap-7_comp_shadowmask.png using Guid(d8bdc599a168b30439ca7578d07c5b71) Importer(815301076,1909f56bfc062723c751e8b465ee728b)  -> (artifact id: 'ce3e0ae4ef97eca209c2656de247ef54') in 0.056874 seconds 
========================================================================
Received Import Request.
  Time since last request: 0.000039 seconds.
  path: Assets/Scenes/Launch/Lightmap-4_comp_shadowmask.png
  artifactKey: Guid(9d6ff3ff525758a46bbf3fbef4655d25) Importer(815301076,1909f56bfc062723c751e8b465ee728b)
Start importing Assets/Scenes/Launch/Lightmap-4_comp_shadowmask.png using Guid(9d6ff3ff525758a46bbf3fbef4655d25) Importer(815301076,1909f56bfc062723c751e8b465ee728b)  -> (artifact id: '1f2bf79bc2cd7e66bd798d3688d6118b') in 0.049804 seconds 
========================================================================
Received Import Request.
  Time since last request: 0.000046 seconds.
  path: Assets/Scenes/Launch/Lightmap-6_comp_shadowmask.png
  artifactKey: Guid(f15ac02b72570b744a53c5e3fc6335ce) Importer(815301076,1909f56bfc062723c751e8b465ee728b)
Start importing Assets/Scenes/Launch/Lightmap-6_comp_shadowmask.png using Guid(f15ac02b72570b744a53c5e3fc6335ce) Importer(815301076,1909f56bfc062723c751e8b465ee728b)  -> (artifact id: '6e5a25988d368a5a575380769af22126') in 0.047002 seconds 
========================================================================
Received Import Request.
  Time since last request: 0.000040 seconds.
  path: Assets/Scenes/Launch/Lightmap-5_comp_dir.png
  artifactKey: Guid(4d487a85cd3b28449958cffe1e57762f) Importer(815301076,1909f56bfc062723c751e8b465ee728b)
Start importing Assets/Scenes/Launch/Lightmap-5_comp_dir.png using Guid(4d487a85cd3b28449958cffe1e57762f) Importer(815301076,1909f56bfc062723c751e8b465ee728b)  -> (artifact id: 'c56ec4aad44d99f27b81595aa8dcfede') in 0.048461 seconds 
========================================================================
Received Import Request.
  Time since last request: 0.567450 seconds.
  path: Assets/Scenes/Launch/Lightmap-10_comp_light.exr
  artifactKey: Guid(2c051178d5241ea4fb369507dee005c9) Importer(815301076,1909f56bfc062723c751e8b465ee728b)
Start importing Assets/Scenes/Launch/Lightmap-10_comp_light.exr using Guid(2c051178d5241ea4fb369507dee005c9) Importer(815301076,1909f56bfc062723c751e8b465ee728b)  -> (artifact id: '5746ee97cb6713aace479644c812f8ed') in 0.047994 seconds 
========================================================================
Received Import Request.
  Time since last request: 0.000026 seconds.
  path: Assets/Scenes/Launch/Lightmap-15_comp_light.exr
  artifactKey: Guid(ed99315917a56c1488c2551050f50cf0) Importer(815301076,1909f56bfc062723c751e8b465ee728b)
Start importing Assets/Scenes/Launch/Lightmap-15_comp_light.exr using Guid(ed99315917a56c1488c2551050f50cf0) Importer(815301076,1909f56bfc062723c751e8b465ee728b)  -> (artifact id: 'ebecf958e2641d9945debe71442911a3') in 0.082413 seconds 
========================================================================
Received Import Request.
  Time since last request: 0.000053 seconds.
  path: Assets/Scenes/Launch/Lightmap-11_comp_light.exr
  artifactKey: Guid(14c5fda2eae7a0e4aa186652c367ee40) Importer(815301076,1909f56bfc062723c751e8b465ee728b)
Start importing Assets/Scenes/Launch/Lightmap-11_comp_light.exr using Guid(14c5fda2eae7a0e4aa186652c367ee40) Importer(815301076,1909f56bfc062723c751e8b465ee728b)  -> (artifact id: '118f7ee02d1e0215da1cdcf61d81700b') in 0.048665 seconds 
========================================================================
Received Import Request.
  Time since last request: 0.000026 seconds.
  path: Assets/Scenes/Launch/Lightmap-12_comp_dir.png
  artifactKey: Guid(c18bc908b0021a94db34912884f61f7e) Importer(815301076,1909f56bfc062723c751e8b465ee728b)
Start importing Assets/Scenes/Launch/Lightmap-12_comp_dir.png using Guid(c18bc908b0021a94db34912884f61f7e) Importer(815301076,1909f56bfc062723c751e8b465ee728b)  -> (artifact id: '806b5d0bc70273949806c01ca7db58d1') in 0.050436 seconds 
========================================================================
Received Import Request.
  Time since last request: 0.000041 seconds.
  path: Assets/Scenes/Launch/Lightmap-18_comp_dir.png
  artifactKey: Guid(1b322db914fd52e408b81a8af4a9017e) Importer(815301076,1909f56bfc062723c751e8b465ee728b)
Start importing Assets/Scenes/Launch/Lightmap-18_comp_dir.png using Guid(1b322db914fd52e408b81a8af4a9017e) Importer(815301076,1909f56bfc062723c751e8b465ee728b)  -> (artifact id: '5eeca09ce7a1aac3e3274f877aaf6376') in 0.062502 seconds 
========================================================================
Received Import Request.
  Time since last request: 0.000047 seconds.
  path: Assets/Scenes/Launch/Lightmap-22_comp_light.exr
  artifactKey: Guid(e1330d6874f46d04c9f5fd37331f4767) Importer(815301076,1909f56bfc062723c751e8b465ee728b)
Start importing Assets/Scenes/Launch/Lightmap-22_comp_light.exr using Guid(e1330d6874f46d04c9f5fd37331f4767) Importer(815301076,1909f56bfc062723c751e8b465ee728b)  -> (artifact id: '98d8d157580e0bc5c18a42e60d4c9f3d') in 0.053125 seconds 
========================================================================
Received Import Request.
  Time since last request: 0.000026 seconds.
  path: Assets/Scenes/Launch/Lightmap-20_comp_light.exr
  artifactKey: Guid(bb1f548ae3c04db45b1eb1e97d39a4a5) Importer(815301076,1909f56bfc062723c751e8b465ee728b)
Start importing Assets/Scenes/Launch/Lightmap-20_comp_light.exr using Guid(bb1f548ae3c04db45b1eb1e97d39a4a5) Importer(815301076,1909f56bfc062723c751e8b465ee728b)  -> (artifact id: 'd567bb5e03597cf346ee8ebba79873f5') in 0.049117 seconds 
========================================================================
Received Import Request.
  Time since last request: 0.000035 seconds.
  path: Assets/Scenes/Launch/Lightmap-24_comp_light.exr
  artifactKey: Guid(18af4507cbe81ed45997faca6783cac5) Importer(815301076,1909f56bfc062723c751e8b465ee728b)
Start importing Assets/Scenes/Launch/Lightmap-24_comp_light.exr using Guid(18af4507cbe81ed45997faca6783cac5) Importer(815301076,1909f56bfc062723c751e8b465ee728b)  -> (artifact id: 'af707ef47506347acd91bd913de0ba29') in 0.049730 seconds 
========================================================================
Received Import Request.
  Time since last request: 0.000030 seconds.
  path: Assets/Scenes/Launch/Lightmap-23_comp_dir.png
  artifactKey: Guid(54ac60f0df5ccf44382c14c9f639b6f5) Importer(815301076,1909f56bfc062723c751e8b465ee728b)
Start importing Assets/Scenes/Launch/Lightmap-23_comp_dir.png using Guid(54ac60f0df5ccf44382c14c9f639b6f5) Importer(815301076,1909f56bfc062723c751e8b465ee728b)  -> (artifact id: 'ebb9b7c5cf2f7919246f2a3de016743a') in 0.058592 seconds 
========================================================================
Received Import Request.
  Time since last request: 0.000039 seconds.
  path: Assets/Scenes/Launch/Lightmap-30_comp_shadowmask.png
  artifactKey: Guid(748bdec88b15caf4782f41542666f5e6) Importer(815301076,1909f56bfc062723c751e8b465ee728b)
Start importing Assets/Scenes/Launch/Lightmap-30_comp_shadowmask.png using Guid(748bdec88b15caf4782f41542666f5e6) Importer(815301076,1909f56bfc062723c751e8b465ee728b)  -> (artifact id: '7df1fbdc28179f756bb7d714088d7c73') in 0.067566 seconds 
========================================================================
Received Import Request.
  Time since last request: 0.000053 seconds.
  path: Assets/Scenes/Launch/Lightmap-30_comp_light.exr
  artifactKey: Guid(7cbae30df8847b64db04cd8ba80bb7b8) Importer(815301076,1909f56bfc062723c751e8b465ee728b)
Start importing Assets/Scenes/Launch/Lightmap-30_comp_light.exr using Guid(7cbae30df8847b64db04cd8ba80bb7b8) Importer(815301076,1909f56bfc062723c751e8b465ee728b)  -> (artifact id: '661eda8602bcb64f61585f4f1bc90ac5') in 0.052200 seconds 
========================================================================
Received Import Request.
  Time since last request: 0.000048 seconds.
  path: Assets/Scenes/Launch/Lightmap-33_comp_dir.png
  artifactKey: Guid(9971c4cf234ee0e45b552ad5ee1e1347) Importer(815301076,1909f56bfc062723c751e8b465ee728b)
Start importing Assets/Scenes/Launch/Lightmap-33_comp_dir.png using Guid(9971c4cf234ee0e45b552ad5ee1e1347) Importer(815301076,1909f56bfc062723c751e8b465ee728b)  -> (artifact id: '26850e4f43b11ffa8968af6dd6741cf0') in 0.048833 seconds 
========================================================================
Received Import Request.
  Time since last request: 0.000030 seconds.
  path: Assets/Scenes/Launch/Lightmap-31_comp_shadowmask.png
  artifactKey: Guid(3e10756fbe06d514780dad49ef32817a) Importer(815301076,1909f56bfc062723c751e8b465ee728b)
Start importing Assets/Scenes/Launch/Lightmap-31_comp_shadowmask.png using Guid(3e10756fbe06d514780dad49ef32817a) Importer(815301076,1909f56bfc062723c751e8b465ee728b)  -> (artifact id: '6bfd0ba76a1b5d51ab73b296cda2d763') in 0.048739 seconds 
========================================================================
Received Import Request.
  Time since last request: 0.000036 seconds.
  path: Assets/Scenes/Launch/Lightmap-38_comp_light.exr
  artifactKey: Guid(3431612915b107e4a89a8fa1f1cf2bb5) Importer(815301076,1909f56bfc062723c751e8b465ee728b)
Start importing Assets/Scenes/Launch/Lightmap-38_comp_light.exr using Guid(3431612915b107e4a89a8fa1f1cf2bb5) Importer(815301076,1909f56bfc062723c751e8b465ee728b)  -> (artifact id: 'e56860dbc4e3432d50fb0f25fb81f0fa') in 0.045994 seconds 
========================================================================
Received Import Request.
  Time since last request: 0.000121 seconds.
  path: Assets/Scenes/Launch/Lightmap-32_comp_shadowmask.png
  artifactKey: Guid(ac219025d91824744b8c52e9531e6af0) Importer(815301076,1909f56bfc062723c751e8b465ee728b)
Start importing Assets/Scenes/Launch/Lightmap-32_comp_shadowmask.png using Guid(ac219025d91824744b8c52e9531e6af0) Importer(815301076,1909f56bfc062723c751e8b465ee728b)  -> (artifact id: '20c83ec2b3ddf8410ca8cd97a34decd4') in 0.047938 seconds 
========================================================================
Received Import Request.
  Time since last request: 0.000040 seconds.
  path: Assets/Scenes/Launch/Lightmap-24_comp_shadowmask.png
  artifactKey: Guid(b66069dcfb660db48867989b07c13d0e) Importer(815301076,1909f56bfc062723c751e8b465ee728b)
Start importing Assets/Scenes/Launch/Lightmap-24_comp_shadowmask.png using Guid(b66069dcfb660db48867989b07c13d0e) Importer(815301076,1909f56bfc062723c751e8b465ee728b)  -> (artifact id: '9e0ea148b46d4a2796656bfb339e7d59') in 0.049651 seconds 
========================================================================
Received Import Request.
  Time since last request: 0.000033 seconds.
  path: Assets/Scenes/Launch/Lightmap-22_comp_shadowmask.png
  artifactKey: Guid(775e7b5313e5d0d4aae0e0fb9a17063e) Importer(815301076,1909f56bfc062723c751e8b465ee728b)
Start importing Assets/Scenes/Launch/Lightmap-22_comp_shadowmask.png using Guid(775e7b5313e5d0d4aae0e0fb9a17063e) Importer(815301076,1909f56bfc062723c751e8b465ee728b)  -> (artifact id: '684d0498c6906c1aafa5568d58fd407e') in 0.050108 seconds 
========================================================================
Received Import Request.
  Time since last request: 0.000035 seconds.
  path: Assets/Scenes/Launch/Lightmap-13_comp_light.exr
  artifactKey: Guid(5aebd39241b7492408ef8edb0dcc317e) Importer(815301076,1909f56bfc062723c751e8b465ee728b)
Start importing Assets/Scenes/Launch/Lightmap-13_comp_light.exr using Guid(5aebd39241b7492408ef8edb0dcc317e) Importer(815301076,1909f56bfc062723c751e8b465ee728b)  -> (artifact id: 'd1daabd683dfc8140187e0ecf150eafd') in 0.090756 seconds 
========================================================================
Received Import Request.
  Time since last request: 0.000041 seconds.
  path: Assets/Scenes/Launch/Lightmap-28_comp_light.exr
  artifactKey: Guid(58862f48573a32b4c9ccd1d96b9ad535) Importer(815301076,1909f56bfc062723c751e8b465ee728b)
Start importing Assets/Scenes/Launch/Lightmap-28_comp_light.exr using Guid(58862f48573a32b4c9ccd1d96b9ad535) Importer(815301076,1909f56bfc062723c751e8b465ee728b)  -> (artifact id: '9668cf50c49537c66c4f8cae4a2ccc36') in 0.047045 seconds 
========================================================================
Received Import Request.
  Time since last request: 0.000064 seconds.
  path: Assets/Scenes/Launch/Lightmap-19_comp_dir.png
  artifactKey: Guid(8000dec9ee81d10458dd6a0f57693b7d) Importer(815301076,1909f56bfc062723c751e8b465ee728b)
Start importing Assets/Scenes/Launch/Lightmap-19_comp_dir.png using Guid(8000dec9ee81d10458dd6a0f57693b7d) Importer(815301076,1909f56bfc062723c751e8b465ee728b)  -> (artifact id: 'bcb9ce76b08994aff925652e69e0bdc5') in 0.047114 seconds 
========================================================================
Received Import Request.
  Time since last request: 0.000044 seconds.
  path: Assets/Scenes/Launch/Lightmap-25_comp_light.exr
  artifactKey: Guid(fa66c0812b336a4489b2f2b3947b0538) Importer(815301076,1909f56bfc062723c751e8b465ee728b)
Start importing Assets/Scenes/Launch/Lightmap-25_comp_light.exr using Guid(fa66c0812b336a4489b2f2b3947b0538) Importer(815301076,1909f56bfc062723c751e8b465ee728b)  -> (artifact id: '8434dbc77948f16ae0bf7636d8861f04') in 0.049775 seconds 
========================================================================
Received Import Request.
  Time since last request: 0.000053 seconds.
  path: Assets/Scenes/Launch/Lightmap-38_comp_dir.png
  artifactKey: Guid(4f100a8c33a7a3d40bc2cbcc53614807) Importer(815301076,1909f56bfc062723c751e8b465ee728b)
Start importing Assets/Scenes/Launch/Lightmap-38_comp_dir.png using Guid(4f100a8c33a7a3d40bc2cbcc53614807) Importer(815301076,1909f56bfc062723c751e8b465ee728b)  -> (artifact id: 'f88621e19a4be47845759f9d7b62e161') in 0.042160 seconds 
========================================================================
Received Import Request.
  Time since last request: 0.000263 seconds.
  path: Assets/Scenes/Launch/Lightmap-17_comp_dir.png
  artifactKey: Guid(64410953caa883a49aecdca517d33cce) Importer(815301076,1909f56bfc062723c751e8b465ee728b)
Start importing Assets/Scenes/Launch/Lightmap-17_comp_dir.png using Guid(64410953caa883a49aecdca517d33cce) Importer(815301076,1909f56bfc062723c751e8b465ee728b)  -> (artifact id: '110571cbd154ed0a749cb3adab213f75') in 0.052860 seconds 
========================================================================
Received Import Request.
  Time since last request: 0.000040 seconds.
  path: Assets/Scenes/Launch/Lightmap-28_comp_shadowmask.png
  artifactKey: Guid(887843af8f9ed234bbe1e46a6456f263) Importer(815301076,1909f56bfc062723c751e8b465ee728b)
Start importing Assets/Scenes/Launch/Lightmap-28_comp_shadowmask.png using Guid(887843af8f9ed234bbe1e46a6456f263) Importer(815301076,1909f56bfc062723c751e8b465ee728b)  -> (artifact id: 'd289bf92470e5d5302dca9047b20e059') in 0.051755 seconds 
========================================================================
Received Import Request.
  Time since last request: 0.000048 seconds.
  path: Assets/Scenes/Launch/Lightmap-19_comp_shadowmask.png
  artifactKey: Guid(460c6613cf8b2134b90355f4b33e41e1) Importer(815301076,1909f56bfc062723c751e8b465ee728b)
Start importing Assets/Scenes/Launch/Lightmap-19_comp_shadowmask.png using Guid(460c6613cf8b2134b90355f4b33e41e1) Importer(815301076,1909f56bfc062723c751e8b465ee728b)  -> (artifact id: 'ee491ee5c07915ba93b7c74c8d6982e5') in 0.051522 seconds 
========================================================================
Received Import Request.
  Time since last request: 0.000034 seconds.
  path: Assets/Scenes/Launch/Lightmap-25_comp_dir.png
  artifactKey: Guid(00f96f194ba8ce04a8f96ddcd8c8cff7) Importer(815301076,1909f56bfc062723c751e8b465ee728b)
Start importing Assets/Scenes/Launch/Lightmap-25_comp_dir.png using Guid(00f96f194ba8ce04a8f96ddcd8c8cff7) Importer(815301076,1909f56bfc062723c751e8b465ee728b)  -> (artifact id: 'ce8fe940ff2d7d7a65e400a154aeb2c6') in 0.053235 seconds 
========================================================================
Received Import Request.
  Time since last request: 0.000034 seconds.
  path: Assets/Scenes/Launch/Lightmap-32_comp_light.exr
  artifactKey: Guid(702e2fd909ad30b41acffa3984dd0ed4) Importer(815301076,1909f56bfc062723c751e8b465ee728b)
Start importing Assets/Scenes/Launch/Lightmap-32_comp_light.exr using Guid(702e2fd909ad30b41acffa3984dd0ed4) Importer(815301076,1909f56bfc062723c751e8b465ee728b)  -> (artifact id: 'a5317059caf7503204054943db83c802') in 0.050502 seconds 
========================================================================
Received Import Request.
  Time since last request: 0.000177 seconds.
  path: Assets/Scenes/Launch/Lightmap-23_comp_light.exr
  artifactKey: Guid(e7aabe902cd80ec4fa57bf799527efb9) Importer(815301076,1909f56bfc062723c751e8b465ee728b)
Start importing Assets/Scenes/Launch/Lightmap-23_comp_light.exr using Guid(e7aabe902cd80ec4fa57bf799527efb9) Importer(815301076,1909f56bfc062723c751e8b465ee728b)  -> (artifact id: '286be1898f66e0ea808fb197c7850337') in 0.052858 seconds 
========================================================================
Received Import Request.
  Time since last request: 0.000029 seconds.
  path: Assets/Scenes/Launch/Lightmap-30_comp_dir.png
  artifactKey: Guid(7a2dc7b88c959bc45920e9ec01c538a3) Importer(815301076,1909f56bfc062723c751e8b465ee728b)
Start importing Assets/Scenes/Launch/Lightmap-30_comp_dir.png using Guid(7a2dc7b88c959bc45920e9ec01c538a3) Importer(815301076,1909f56bfc062723c751e8b465ee728b)  -> (artifact id: '7c3eaa6eae42a32669d0ff47a89c40dc') in 0.043447 seconds 
========================================================================
Received Import Request.
  Time since last request: 0.000056 seconds.
  path: Assets/Scenes/Launch/Lightmap-34_comp_dir.png
  artifactKey: Guid(3b47644961be6d441aac1faa1d6224f8) Importer(815301076,1909f56bfc062723c751e8b465ee728b)
Start importing Assets/Scenes/Launch/Lightmap-34_comp_dir.png using Guid(3b47644961be6d441aac1faa1d6224f8) Importer(815301076,1909f56bfc062723c751e8b465ee728b)  -> (artifact id: '4f3feb867613c81e3f6efa8ddca5f845') in 0.049253 seconds 
========================================================================
Received Import Request.
  Time since last request: 0.000032 seconds.
  path: Assets/Scenes/Launch/Lightmap-28_comp_dir.png
  artifactKey: Guid(a87d1748db4cf0447aadcfd97b7f1ec8) Importer(815301076,1909f56bfc062723c751e8b465ee728b)
Start importing Assets/Scenes/Launch/Lightmap-28_comp_dir.png using Guid(a87d1748db4cf0447aadcfd97b7f1ec8) Importer(815301076,1909f56bfc062723c751e8b465ee728b)  -> (artifact id: '962fb6d8cc02f96f7f3105984447f2a3') in 0.045130 seconds 
========================================================================
Received Import Request.
  Time since last request: 0.000042 seconds.
  path: Assets/Scenes/Launch/Lightmap-38_comp_shadowmask.png
  artifactKey: Guid(0f1dfabc46572e54d87490e00eb328e6) Importer(815301076,1909f56bfc062723c751e8b465ee728b)
Start importing Assets/Scenes/Launch/Lightmap-38_comp_shadowmask.png using Guid(0f1dfabc46572e54d87490e00eb328e6) Importer(815301076,1909f56bfc062723c751e8b465ee728b)  -> (artifact id: '8097b67742b8d6aa4249735daecd6508') in 0.050469 seconds 
========================================================================
Received Import Request.
  Time since last request: 0.000046 seconds.
  path: Assets/Scenes/Launch/Lightmap-27_comp_dir.png
  artifactKey: Guid(a8eebcd7909a6f1409b297f21239b4e4) Importer(815301076,1909f56bfc062723c751e8b465ee728b)
Start importing Assets/Scenes/Launch/Lightmap-27_comp_dir.png using Guid(a8eebcd7909a6f1409b297f21239b4e4) Importer(815301076,1909f56bfc062723c751e8b465ee728b)  -> (artifact id: '2a2ba61e9b25c2c98267379c267360de') in 0.051249 seconds 
========================================================================
Received Import Request.
  Time since last request: 0.000055 seconds.
  path: Assets/Scenes/Launch/Lightmap-26_comp_light.exr
  artifactKey: Guid(1eaa5653305eb8d42b5e1b42cee14c1c) Importer(815301076,1909f56bfc062723c751e8b465ee728b)
Start importing Assets/Scenes/Launch/Lightmap-26_comp_light.exr using Guid(1eaa5653305eb8d42b5e1b42cee14c1c) Importer(815301076,1909f56bfc062723c751e8b465ee728b)  -> (artifact id: '82426c1fc4fb0d54456a7ef5c4819125') in 0.040399 seconds 
========================================================================
Received Import Request.
  Time since last request: 0.000067 seconds.
  path: Assets/Scenes/Launch/Lightmap-36_comp_dir.png
  artifactKey: Guid(a58aaac71d6af0b4c9be228c174fed0d) Importer(815301076,1909f56bfc062723c751e8b465ee728b)
Start importing Assets/Scenes/Launch/Lightmap-36_comp_dir.png using Guid(a58aaac71d6af0b4c9be228c174fed0d) Importer(815301076,1909f56bfc062723c751e8b465ee728b)  -> (artifact id: '1484b139329c151dd7db4740604b5206') in 0.045973 seconds 
========================================================================
Received Import Request.
  Time since last request: 0.000047 seconds.
  path: Assets/Scenes/Launch/Lightmap-17_comp_light.exr
  artifactKey: Guid(b08f270a778509b45950d0450dab6356) Importer(815301076,1909f56bfc062723c751e8b465ee728b)
Start importing Assets/Scenes/Launch/Lightmap-17_comp_light.exr using Guid(b08f270a778509b45950d0450dab6356) Importer(815301076,1909f56bfc062723c751e8b465ee728b)  -> (artifact id: '122a02e1bac268aa83750dbdeb07ef5e') in 0.051825 seconds 
========================================================================
Received Import Request.
  Time since last request: 0.000034 seconds.
  path: Assets/Scenes/Launch/Lightmap-35_comp_shadowmask.png
  artifactKey: Guid(cce5e1e3fd8f2984f8f370609d3a03d3) Importer(815301076,1909f56bfc062723c751e8b465ee728b)
Start importing Assets/Scenes/Launch/Lightmap-35_comp_shadowmask.png using Guid(cce5e1e3fd8f2984f8f370609d3a03d3) Importer(815301076,1909f56bfc062723c751e8b465ee728b)  -> (artifact id: '42f9e62bf2ff7201d3db715971a6ade3') in 0.048157 seconds 
========================================================================
Received Import Request.
  Time since last request: 0.000044 seconds.
  path: Assets/Scenes/Launch/Lightmap-15_comp_dir.png
  artifactKey: Guid(d09abdf4d686b0041a53fc0385672962) Importer(815301076,1909f56bfc062723c751e8b465ee728b)
Start importing Assets/Scenes/Launch/Lightmap-15_comp_dir.png using Guid(d09abdf4d686b0041a53fc0385672962) Importer(815301076,1909f56bfc062723c751e8b465ee728b)  -> (artifact id: '8f8fe26c8da21c2c72b51594e194dd51') in 0.044208 seconds 
========================================================================
Received Import Request.
  Time since last request: 0.000062 seconds.
  path: Assets/Scenes/Launch/Lightmap-16_comp_shadowmask.png
  artifactKey: Guid(f2e5acd7daf897e4a91a080d2127e420) Importer(815301076,1909f56bfc062723c751e8b465ee728b)
Start importing Assets/Scenes/Launch/Lightmap-16_comp_shadowmask.png using Guid(f2e5acd7daf897e4a91a080d2127e420) Importer(815301076,1909f56bfc062723c751e8b465ee728b)  -> (artifact id: '3b951b420b5defdc18aaea6f4aad0643') in 0.046874 seconds 
========================================================================
Received Import Request.
  Time since last request: 0.000028 seconds.
  path: Assets/Scenes/Launch/Lightmap-12_comp_light.exr
  artifactKey: Guid(53587d02227b0e84ebbff83664728a5e) Importer(815301076,1909f56bfc062723c751e8b465ee728b)
Start importing Assets/Scenes/Launch/Lightmap-12_comp_light.exr using Guid(53587d02227b0e84ebbff83664728a5e) Importer(815301076,1909f56bfc062723c751e8b465ee728b)  -> (artifact id: '013dbd43f56e9331cdcecdc9ab83eae0') in 0.049986 seconds 
========================================================================
Received Import Request.
  Time since last request: 0.000030 seconds.
  path: Assets/Scenes/Launch/Lightmap-21_comp_shadowmask.png
  artifactKey: Guid(532953743fe8eaf4ba3da3b5eaea9820) Importer(815301076,1909f56bfc062723c751e8b465ee728b)
Start importing Assets/Scenes/Launch/Lightmap-21_comp_shadowmask.png using Guid(532953743fe8eaf4ba3da3b5eaea9820) Importer(815301076,1909f56bfc062723c751e8b465ee728b)  -> (artifact id: 'acae876eb5fa9220323cbbcfec13750b') in 0.044061 seconds 
========================================================================
Received Import Request.
  Time since last request: 0.000035 seconds.
  path: Assets/Scenes/Launch/Lightmap-14_comp_shadowmask.png
  artifactKey: Guid(1370d311be9a06c4a8855e416c69d2bc) Importer(815301076,1909f56bfc062723c751e8b465ee728b)
Start importing Assets/Scenes/Launch/Lightmap-14_comp_shadowmask.png using Guid(1370d311be9a06c4a8855e416c69d2bc) Importer(815301076,1909f56bfc062723c751e8b465ee728b)  -> (artifact id: 'aade71e71610dc04fabbe13847ddaedb') in 0.055381 seconds 
========================================================================
Received Import Request.
  Time since last request: 0.000044 seconds.
  path: Assets/Scenes/Launch/Lightmap-13_comp_shadowmask.png
  artifactKey: Guid(0c788293f2d694e42b3aa5de33291827) Importer(815301076,1909f56bfc062723c751e8b465ee728b)
Start importing Assets/Scenes/Launch/Lightmap-13_comp_shadowmask.png using Guid(0c788293f2d694e42b3aa5de33291827) Importer(815301076,1909f56bfc062723c751e8b465ee728b)  -> (artifact id: '2138ade73205a57bcf8ed326c4571f86') in 0.048704 seconds 
========================================================================
Received Import Request.
  Time since last request: 0.000042 seconds.
  path: Assets/Scenes/Launch/Lightmap-35_comp_light.exr
  artifactKey: Guid(4f4c7cdd86375104c8b822ba8e25ca01) Importer(815301076,1909f56bfc062723c751e8b465ee728b)
Start importing Assets/Scenes/Launch/Lightmap-35_comp_light.exr using Guid(4f4c7cdd86375104c8b822ba8e25ca01) Importer(815301076,1909f56bfc062723c751e8b465ee728b)  -> (artifact id: '432c9f7a0fd04c5a8170a7d2c0d71628') in 0.046931 seconds 
========================================================================
Received Import Request.
  Time since last request: 0.000053 seconds.
  path: Assets/Scenes/Launch/Lightmap-29_comp_light.exr
  artifactKey: Guid(d544805fba5c7af4982d619c46753309) Importer(815301076,1909f56bfc062723c751e8b465ee728b)
Start importing Assets/Scenes/Launch/Lightmap-29_comp_light.exr using Guid(d544805fba5c7af4982d619c46753309) Importer(815301076,1909f56bfc062723c751e8b465ee728b)  -> (artifact id: 'e0ea60966614c22fb1a0e69ec2849362') in 0.041578 seconds 
